Using pre-set license
Built from '2020.3/staging' branch; Version is '2020.3.25f1 (9b9180224418) revision 10195328'; Using compiler version '192528614'; Build Type 'Release'
OS: 'Windows 10  (10.0.19043) 64bit Core' Language: 'en' Physical Memory: 32684 MB
BatchMode: 1, IsHumanControllingUs: 0, StartBugReporterOnCrash: 0, Is64bit: 1, IsPro: 0

COMMAND LINE ARGUMENTS:
C:\Program Files\Unity\Hub\Editor\2020.3.25f1\Editor\Unity.exe
-adb2
-batchMode
-noUpm
-name
AssetImportWorker0
-projectPath
C:/Users/Chris Elbe/Documents/GitHub/SwifterThanSea/SwifterThanSeaGame
-logFile
Logs/AssetImportWorker0.log
-srvPort
60654
Successfully changed project path to: C:/Users/Chris Elbe/Documents/GitHub/SwifterThanSea/SwifterThanSeaGame
C:/Users/Chris Elbe/Documents/GitHub/SwifterThanSea/SwifterThanSeaGame
Using Asset Import Pipeline V2.
Refreshing native plugins compatible for Editor in 44.46 ms, found 5 plugins.
Preloading 0 native plugins for Editor in 0.00 ms.
Initialize engine version: 2020.3.25f1 (9b9180224418)
[Subsystems] Discovering subsystems at path C:/Program Files/Unity/Hub/Editor/2020.3.25f1/Editor/Data/Resources/UnitySubsystems
[Subsystems] Discovering subsystems at path C:/Users/Chris Elbe/Documents/GitHub/SwifterThanSea/SwifterThanSeaGame/Assets
GfxDevice: creating device client; threaded=0
Direct3D:
    Version:  Direct3D 11.0 [level 11.1]
    Renderer: NVIDIA GeForce RTX 2070 (ID=0x1f02)
    Vendor:   
    VRAM:     8031 MB
    Driver:   30.0.15.1165
Initialize mono
Mono path[0] = 'C:/Program Files/Unity/Hub/Editor/2020.3.25f1/Editor/Data/Managed'
Mono path[1] = 'C:/Program Files/Unity/Hub/Editor/2020.3.25f1/Editor/Data/MonoBleedingEdge/lib/mono/unityjit'
Mono config path = 'C:/Program Files/Unity/Hub/Editor/2020.3.25f1/Editor/Data/MonoBleedingEdge/etc'
Using monoOptions --debugger-agent=transport=dt_socket,embedding=1,server=y,suspend=n,address=127.0.0.1:56284
Begin MonoManager ReloadAssembly
Registering precompiled unity dll's ...
Register platform support module: C:/Program Files/Unity/Hub/Editor/2020.3.25f1/Editor/Data/PlaybackEngines/WebGLSupport/UnityEditor.WebGL.Extensions.dll
Register platform support module: C:/Program Files/Unity/Hub/Editor/2020.3.25f1/Editor/Data/PlaybackEngines/WindowsStandaloneSupport/UnityEditor.WindowsStandalone.Extensions.dll
Registered in 0.001931 seconds.
Native extension for WindowsStandalone target not found
Native extension for WebGL target not found
Refreshing native plugins compatible for Editor in 38.63 ms, found 5 plugins.
Preloading 0 native plugins for Editor in 0.00 ms.
Mono: successfully reloaded assembly
- Completed reload, in  0.499 seconds
Domain Reload Profiling:
	ReloadAssembly (499ms)
		BeginReloadAssembly (47ms)
			ExecutionOrderSort (0ms)
			DisableScriptedObjects (0ms)
			BackupInstance (0ms)
			ReleaseScriptingObjects (0ms)
			CreateAndSetChildDomain (1ms)
		EndReloadAssembly (391ms)
			LoadAssemblies (46ms)
			RebuildTransferFunctionScriptingTraits (0ms)
			SetupTypeCache (130ms)
			ReleaseScriptCaches (0ms)
			RebuildScriptCaches (26ms)
			SetupLoadedEditorAssemblies (149ms)
				LogAssemblyErrors (0ms)
				InitializePlatformSupportModulesInManaged (5ms)
				SetLoadedEditorAssemblies (0ms)
				RefreshPlugins (39ms)
				BeforeProcessingInitializeOnLoad (7ms)
				ProcessInitializeOnLoadAttributes (74ms)
				ProcessInitializeOnLoadMethodAttributes (25ms)
				AfterProcessingInitializeOnLoad (0ms)
				EditorAssembliesLoaded (0ms)
			ExecutionOrderSort2 (0ms)
			AwakeInstancesAfterBackupRestoration (0ms)
Platform modules already initialized, skipping
Registering precompiled user dll's ...
Registered in 0.007871 seconds.
Begin MonoManager ReloadAssembly
Native extension for WindowsStandalone target not found
Native extension for WebGL target not found
Refreshing native plugins compatible for Editor in 37.56 ms, found 5 plugins.
Preloading 0 native plugins for Editor in 0.00 ms.
Mono: successfully reloaded assembly
- Completed reload, in  0.957 seconds
Domain Reload Profiling:
	ReloadAssembly (958ms)
		BeginReloadAssembly (112ms)
			ExecutionOrderSort (0ms)
			DisableScriptedObjects (4ms)
			BackupInstance (0ms)
			ReleaseScriptingObjects (0ms)
			CreateAndSetChildDomain (14ms)
		EndReloadAssembly (795ms)
			LoadAssemblies (78ms)
			RebuildTransferFunctionScriptingTraits (0ms)
			SetupTypeCache (267ms)
			ReleaseScriptCaches (0ms)
			RebuildScriptCaches (41ms)
			SetupLoadedEditorAssemblies (301ms)
				LogAssemblyErrors (0ms)
				InitializePlatformSupportModulesInManaged (4ms)
				SetLoadedEditorAssemblies (0ms)
				RefreshPlugins (38ms)
				BeforeProcessingInitializeOnLoad (63ms)
				ProcessInitializeOnLoadAttributes (176ms)
				ProcessInitializeOnLoadMethodAttributes (14ms)
				AfterProcessingInitializeOnLoad (5ms)
				EditorAssembliesLoaded (0ms)
			ExecutionOrderSort2 (0ms)
			AwakeInstancesAfterBackupRestoration (5ms)
Platform modules already initialized, skipping
========================================================================
Worker process is ready to serve import requests
Launched and connected shader compiler UnityShaderCompiler.exe after 0.04 seconds
Refreshing native plugins compatible for Editor in 0.55 ms, found 5 plugins.
Preloading 0 native plugins for Editor in 0.00 ms.
Unloading 2216 Unused Serialized files (Serialized files now loaded: 0)
System memory in use before: 96.5 MB.
System memory in use after: 96.5 MB.

Unloading 45 unused Assets to reduce memory usage. Loaded Objects now: 2674.
Total: 3.182600 ms (FindLiveObjects: 0.191300 ms CreateObjectMapping: 0.146700 ms MarkObjects: 2.787000 ms  DeleteObjects: 0.056100 ms)

AssetImportParameters requested are different than current active one (requested -> active):
  custom:framework-win-MediaFoundation: 216162199b28c13a410421893ffa2e32 -> 
  custom:video-decoder-ogg-theora: a1e56fd34408186e4bbccfd4996cb3dc -> 
  custom:container-muxer-webm: aa71ff27fc2769a1b78a27578f13a17b -> 
  custom:container-demuxer-webm: 4f35f7cbe854078d1ac9338744f61a02 -> 
  custom:container-demuxer-ogg: 62fdf1f143b41e24485cea50d1cbac27 -> 
  custom:video-encoder-webm-vp8: eb34c28f22e8b96e1ab97ce403110664 -> 
  custom:video-decoder-webm-vp8: 9c59270c3fd7afecdb556c50c9e8de78 -> 
  custom:audio-decoder-ogg-vorbis: bf7c407c2cedff20999df2af8eb42d56 -> 
  custom:audio-encoder-webm-vorbis: bf7c407c2cedff20999df2af8eb42d56 -> 
========================================================================
Received Import Request.
  path: Assets/MainScene.unity
  artifactKey: Guid(3f418feb84efcda4a98521cf6302e85f) Importer(815301076,1909f56bfc062723c751e8b465ee728b)
Start importing Assets/MainScene.unity using Guid(3f418feb84efcda4a98521cf6302e85f) Importer(815301076,1909f56bfc062723c751e8b465ee728b)  -> (artifact id: 'aece8c90cbad84e89e60aa7849356c28') in 0.013257 seconds 
  Import took 0.016435 seconds .

========================================================================
Received Import Request.
  Time since last request: 79.179634 seconds.
  path: Assets/Scenes/SampleScene.unity
  artifactKey: Guid(2cda990e2423bbf4892e6590ba056729) Importer(815301076,1909f56bfc062723c751e8b465ee728b)
Start importing Assets/Scenes/SampleScene.unity using Guid(2cda990e2423bbf4892e6590ba056729) Importer(815301076,1909f56bfc062723c751e8b465ee728b)  -> (artifact id: 'aa27944bdea339c97c39027c7eea529c') in 0.005132 seconds 
  Import took 0.007727 seconds .

========================================================================
Received Import Request.
  Time since last request: 2013.866096 seconds.
  path: Assets
  artifactKey: Guid(00000000000000001000000000000000) Importer(815301076,1909f56bfc062723c751e8b465ee728b)
Start importing Assets using Guid(00000000000000001000000000000000) Importer(815301076,1909f56bfc062723c751e8b465ee728b)  -> (artifact id: '42d402b061de3733987d63b9cc3b64de') in 0.005472 seconds 
  Import took 0.009194 seconds .

========================================================================
Received Import Request.
  Time since last request: 13.424842 seconds.
  path: Assets/Tiles
  artifactKey: Guid(156250710196c3c4b8fe351ef9c94ff0) Importer(815301076,1909f56bfc062723c751e8b465ee728b)
Start importing Assets/Tiles using Guid(156250710196c3c4b8fe351ef9c94ff0) Importer(815301076,1909f56bfc062723c751e8b465ee728b)  -> (artifact id: '7812862c14c8a54abf0f3217dc388aaa') in 0.004857 seconds 
  Import took 0.007633 seconds .

========================================================================
Received Import Request.
  Time since last request: 11.672709 seconds.
  path: Assets/Tiles/ship.png
  artifactKey: Guid(b324f98b31b0ef1438ea76d0966d4104) Importer(815301076,1909f56bfc062723c751e8b465ee728b)
Start importing Assets/Tiles/ship.png using Guid(b324f98b31b0ef1438ea76d0966d4104) Importer(815301076,1909f56bfc062723c751e8b465ee728b)  -> (artifact id: 'd99ec7214e733e11d9279f76ed08873d') in 0.100735 seconds 
  Import took 0.103897 seconds .

========================================================================
Received Import Request.
  Time since last request: 112.216531 seconds.
  path: Assets/Tiles/ship.png
  artifactKey: Guid(b324f98b31b0ef1438ea76d0966d4104) Importer(815301076,1909f56bfc062723c751e8b465ee728b)
Start importing Assets/Tiles/ship.png using Guid(b324f98b31b0ef1438ea76d0966d4104) Importer(815301076,1909f56bfc062723c751e8b465ee728b)  -> (artifact id: 'e092de66baa148934fc8e302f4bf5861') in 0.012906 seconds 
  Import took 0.016422 seconds .

========================================================================
Received Import Request.
  Time since last request: 29.626417 seconds.
  path: Assets/Tiles/ship.png
  artifactKey: Guid(b324f98b31b0ef1438ea76d0966d4104) Importer(815301076,1909f56bfc062723c751e8b465ee728b)
Start importing Assets/Tiles/ship.png using Guid(b324f98b31b0ef1438ea76d0966d4104) Importer(815301076,1909f56bfc062723c751e8b465ee728b)  -> (artifact id: '195a71c914666c187f92e6b4d1f377b0') in 0.011793 seconds 
  Import took 0.015170 seconds .

========================================================================
Received Import Request.
  Time since last request: 37.341011 seconds.
  path: Assets/Tiles/ship.png
  artifactKey: Guid(b324f98b31b0ef1438ea76d0966d4104) Importer(815301076,1909f56bfc062723c751e8b465ee728b)
Start importing Assets/Tiles/ship.png using Guid(b324f98b31b0ef1438ea76d0966d4104) Importer(815301076,1909f56bfc062723c751e8b465ee728b)  -> (artifact id: '39f2a1d7c97ccd349cdb4b422f5c5dd6') in 0.008634 seconds 
  Import took 0.011464 seconds .

========================================================================
Received Import Request.
  Time since last request: 61.034599 seconds.
  path: Assets/Tiles/ship.png
  artifactKey: Guid(b324f98b31b0ef1438ea76d0966d4104) Importer(815301076,1909f56bfc062723c751e8b465ee728b)
Start importing Assets/Tiles/ship.png using Guid(b324f98b31b0ef1438ea76d0966d4104) Importer(815301076,1909f56bfc062723c751e8b465ee728b)  -> (artifact id: '21d010523c5805f17669bef8d4b7d543') in 0.148560 seconds 
  Import took 0.151831 seconds .

========================================================================
Received Prepare
Registering precompiled user dll's ...
Registered in 0.007763 seconds.
Begin MonoManager ReloadAssembly
Native extension for WindowsStandalone target not found
Native extension for WebGL target not found
Refreshing native plugins compatible for Editor in 0.57 ms, found 5 plugins.
Preloading 0 native plugins for Editor in 0.00 ms.
Mono: successfully reloaded assembly
- Completed reload, in  1.192 seconds
Domain Reload Profiling:
	ReloadAssembly (1192ms)
		BeginReloadAssembly (121ms)
			ExecutionOrderSort (0ms)
			DisableScriptedObjects (7ms)
			BackupInstance (0ms)
			ReleaseScriptingObjects (0ms)
			CreateAndSetChildDomain (41ms)
		EndReloadAssembly (1000ms)
			LoadAssemblies (94ms)
			RebuildTransferFunctionScriptingTraits (0ms)
			SetupTypeCache (360ms)
			ReleaseScriptCaches (1ms)
			RebuildScriptCaches (49ms)
			SetupLoadedEditorAssemblies (366ms)
				LogAssemblyErrors (0ms)
				InitializePlatformSupportModulesInManaged (6ms)
				SetLoadedEditorAssemblies (0ms)
				RefreshPlugins (1ms)
				BeforeProcessingInitializeOnLoad (74ms)
				ProcessInitializeOnLoadAttributes (268ms)
				ProcessInitializeOnLoadMethodAttributes (11ms)
				AfterProcessingInitializeOnLoad (7ms)
				EditorAssembliesLoaded (0ms)
			ExecutionOrderSort2 (0ms)
			AwakeInstancesAfterBackupRestoration (15ms)
Platform modules already initialized, skipping
Refreshing native plugins compatible for Editor in 0.54 ms, found 5 plugins.
Preloading 0 native plugins for Editor in 0.00 ms.
Unloading 2205 Unused Serialized files (Serialized files now loaded: 0)
System memory in use before: 98.8 MB.
System memory in use after: 98.9 MB.

Unloading 34 unused Assets to reduce memory usage. Loaded Objects now: 2684.
Total: 2.529500 ms (FindLiveObjects: 0.175500 ms CreateObjectMapping: 0.089500 ms MarkObjects: 2.244300 ms  DeleteObjects: 0.019200 ms)

AssetImportParameters requested are different than current active one (requested -> active):
  custom:framework-win-MediaFoundation: 216162199b28c13a410421893ffa2e32 -> 
  custom:video-decoder-ogg-theora: a1e56fd34408186e4bbccfd4996cb3dc -> 
  custom:container-muxer-webm: aa71ff27fc2769a1b78a27578f13a17b -> 
  custom:container-demuxer-webm: 4f35f7cbe854078d1ac9338744f61a02 -> 
  custom:container-demuxer-ogg: 62fdf1f143b41e24485cea50d1cbac27 -> 
  custom:video-encoder-webm-vp8: eb34c28f22e8b96e1ab97ce403110664 -> 
  custom:video-decoder-webm-vp8: 9c59270c3fd7afecdb556c50c9e8de78 -> 
  custom:audio-decoder-ogg-vorbis: bf7c407c2cedff20999df2af8eb42d56 -> 
  custom:audio-encoder-webm-vorbis: bf7c407c2cedff20999df2af8eb42d56 -> 
========================================================================
Received Import Request.
  Time since last request: 2345.542130 seconds.
  path: Assets/Tiles/Pirate1 (Idle).png
  artifactKey: Guid(20d70d8f41b28da40b46f13af8921f98) Importer(815301076,1909f56bfc062723c751e8b465ee728b)
Start importing Assets/Tiles/Pirate1 (Idle).png using Guid(20d70d8f41b28da40b46f13af8921f98) Importer(815301076,1909f56bfc062723c751e8b465ee728b)  -> (artifact id: '274ac462d4a85b77a4a4066ba6f23dfc') in 0.046488 seconds 
  Import took 0.050450 seconds .

========================================================================
Received Import Request.
  Time since last request: 17.003688 seconds.
  path: Assets/Tiles/Pirate1 (Idle).png
  artifactKey: Guid(20d70d8f41b28da40b46f13af8921f98) Importer(815301076,1909f56bfc062723c751e8b465ee728b)
Start importing Assets/Tiles/Pirate1 (Idle).png using Guid(20d70d8f41b28da40b46f13af8921f98) Importer(815301076,1909f56bfc062723c751e8b465ee728b)  -> (artifact id: 'df27cd9cca7c264b67ec46ed785c81a1') in 0.006980 seconds 
  Import took 0.009821 seconds .

========================================================================
Received Import Request.
  Time since last request: 44.973925 seconds.
  path: Assets/Tiles/Pirate.prefab
  artifactKey: Guid(13430cdad154c094cb5fa59da068460c) Importer(815301076,1909f56bfc062723c751e8b465ee728b)
Start importing Assets/Tiles/Pirate.prefab using Guid(13430cdad154c094cb5fa59da068460c) Importer(815301076,1909f56bfc062723c751e8b465ee728b)  -> (artifact id: 'e9584d092cee632c5f9ed3ca9fbf90d3') in 0.031656 seconds 
  Import took 0.034850 seconds .

========================================================================
Received Import Request.
  Time since last request: 93.127129 seconds.
  path: Assets/Tiles/Pirate.prefab
  artifactKey: Guid(13430cdad154c094cb5fa59da068460c) Importer(815301076,1909f56bfc062723c751e8b465ee728b)
Start importing Assets/Tiles/Pirate.prefab using Guid(13430cdad154c094cb5fa59da068460c) Importer(815301076,1909f56bfc062723c751e8b465ee728b)  -> (artifact id: '05407f809720a9a315737e6a78fc250e') in 0.003608 seconds 
  Import took 0.007010 seconds .

========================================================================
Received Import Request.
  Time since last request: 13.325638 seconds.
  path: Assets/Tiles/Pirate1 (Idle).png
  artifactKey: Guid(20d70d8f41b28da40b46f13af8921f98) Importer(815301076,1909f56bfc062723c751e8b465ee728b)
Start importing Assets/Tiles/Pirate1 (Idle).png using Guid(20d70d8f41b28da40b46f13af8921f98) Importer(815301076,1909f56bfc062723c751e8b465ee728b)  -> (artifact id: '4341da46a246360049147229a5f11c45') in 0.009955 seconds 
  Import took 0.013148 seconds .

========================================================================
Received Import Request.
  Time since last request: 107.716470 seconds.
  path: Assets/Tiles/Pirate1 (Idle).png
  artifactKey: Guid(20d70d8f41b28da40b46f13af8921f98) Importer(815301076,1909f56bfc062723c751e8b465ee728b)
Start importing Assets/Tiles/Pirate1 (Idle).png using Guid(20d70d8f41b28da40b46f13af8921f98) Importer(815301076,1909f56bfc062723c751e8b465ee728b)  -> (artifact id: '33a14a41e6545acaf2ec8046a3f05098') in 0.006625 seconds 
  Import took 0.009493 seconds .

AssetImportWorkerClient::OnTransportError - code=2 error=End of file
